c:\temp\!!!work!!!\acw\acw\x64\debug\vc141.pdb
c:\temp\!!!work!!!\acw\acw\x64\debug\vc141.idb
c:\temp\!!!work!!!\acw\acw\x64\debug\light.obj
c:\temp\!!!work!!!\acw\acw\x64\debug\modelloader.obj
c:\temp\!!!work!!!\acw\acw\x64\debug\text.obj
c:\temp\!!!work!!!\acw\acw\x64\debug\textloader.obj
c:\temp\!!!work!!!\acw\acw\x64\debug\tga.obj
c:\temp\!!!work!!!\acw\acw\x64\debug\timer.obj
c:\temp\!!!work!!!\acw\acw\x64\debug\vector2f.obj
c:\temp\!!!work!!!\acw\acw\x64\debug\vector2i.obj
c:\temp\!!!work!!!\acw\acw\x64\debug\vector3f.obj
c:\temp\!!!work!!!\acw\acw\x64\debug\vector3i.obj
c:\temp\!!!work!!!\acw\acw\x64\debug\modelvertex.obj
c:\temp\!!!work!!!\acw\acw\x64\debug\view.obj
c:\temp\!!!work!!!\acw\acw\x64\debug\direct3d.obj
c:\temp\!!!work!!!\acw\acw\x64\debug\graphics.obj
c:\temp\!!!work!!!\acw\acw\x64\debug\keyboardevents.obj
c:\temp\!!!work!!!\acw\acw\x64\debug\main.obj
c:\temp\!!!work!!!\acw\acw\x64\debug\model.obj
c:\temp\!!!work!!!\acw\acw\x64\debug\scene.obj
c:\temp\!!!work!!!\acw\acw\x64\debug\texture.obj
c:\temp\!!!work!!!\acw\acw\x64\debug\modelshader.obj
c:\temp\!!!work!!!\acw\acw\x64\debug\cpu.obj
c:\temp\!!!work!!!\acw\acw\x64\debug\face.obj
c:\temp\!!!work!!!\acw\acw\x64\debug\fps.obj
c:\temp\!!!work!!!\acw\acw\x64\debug\image.obj
c:\temp\!!!work!!!\acw\acw\x64\debug\imageshader.obj
c:\temp\!!!work!!!\acw\acw\x64\debug\imagevertex.obj
c:\temp\!!!work!!!\acw\x64\debug\acw.ilk
c:\temp\!!!work!!!\acw\x64\debug\acw.exe
c:\temp\!!!work!!!\acw\x64\debug\acw.pdb
c:\temp\!!!work!!!\acw\acw\x64\debug\acw.tlog\cl.command.1.tlog
c:\temp\!!!work!!!\acw\acw\x64\debug\acw.tlog\cl.read.1.tlog
c:\temp\!!!work!!!\acw\acw\x64\debug\acw.tlog\cl.write.1.tlog
c:\temp\!!!work!!!\acw\acw\x64\debug\acw.tlog\link.command.1.tlog
c:\temp\!!!work!!!\acw\acw\x64\debug\acw.tlog\link.read.1.tlog
c:\temp\!!!work!!!\acw\acw\x64\debug\acw.tlog\link.write.1.tlog
