c:\temp\!!!work!!!\software portfolio\acw\x64\debug\vc140.pdb
c:\temp\!!!work!!!\software portfolio\acw\x64\debug\vc140.idb
c:\temp\!!!work!!!\software portfolio\acw\x64\debug\modelloader.obj
c:\temp\!!!work!!!\software portfolio\acw\x64\debug\particle.obj
c:\temp\!!!work!!!\software portfolio\acw\x64\debug\particles.obj
c:\temp\!!!work!!!\software portfolio\acw\x64\debug\particlesshader.obj
c:\temp\!!!work!!!\software portfolio\acw\x64\debug\particlevertex.obj
c:\temp\!!!work!!!\software portfolio\acw\x64\debug\shadowshader.obj
c:\temp\!!!work!!!\software portfolio\acw\x64\debug\text.obj
c:\temp\!!!work!!!\software portfolio\acw\x64\debug\textloader.obj
c:\temp\!!!work!!!\software portfolio\acw\x64\debug\tga.obj
c:\temp\!!!work!!!\software portfolio\acw\x64\debug\timer.obj
c:\temp\!!!work!!!\software portfolio\acw\x64\debug\modelvertex.obj
c:\temp\!!!work!!!\software portfolio\acw\x64\debug\view.obj
c:\temp\!!!work!!!\software portfolio\acw\x64\debug\direct3d.obj
c:\temp\!!!work!!!\software portfolio\acw\x64\debug\graphics.obj
c:\temp\!!!work!!!\software portfolio\acw\x64\debug\keyboardevents.obj
c:\temp\!!!work!!!\software portfolio\acw\x64\debug\main.obj
c:\temp\!!!work!!!\software portfolio\acw\x64\debug\model.obj
c:\temp\!!!work!!!\software portfolio\acw\x64\debug\scene.obj
c:\temp\!!!work!!!\software portfolio\acw\x64\debug\texturearray.obj
c:\temp\!!!work!!!\software portfolio\acw\x64\debug\modelshader.obj
c:\temp\!!!work!!!\software portfolio\acw\x64\debug\cpu.obj
c:\temp\!!!work!!!\software portfolio\acw\x64\debug\face.obj
c:\temp\!!!work!!!\software portfolio\acw\x64\debug\fps.obj
c:\temp\!!!work!!!\software portfolio\acw\x64\debug\graphicsloader.obj
c:\temp\!!!work!!!\software portfolio\acw\x64\debug\image.obj
c:\temp\!!!work!!!\software portfolio\acw\x64\debug\imageshader.obj
c:\temp\!!!work!!!\software portfolio\acw\x64\debug\imagevertex.obj
c:\temp\!!!work!!!\software portfolio\acw\x64\debug\light.obj
c:\temp\!!!work!!!\software portfolio\x64\debug\software portfolio.ilk
c:\temp\!!!work!!!\software portfolio\x64\debug\software portfolio.exe
c:\temp\!!!work!!!\software portfolio\x64\debug\software portfolio.pdb
c:\temp\!!!work!!!\software portfolio\x64\debug\particlepixelshader.cso
c:\temp\!!!work!!!\software portfolio\x64\debug\particlevertexshader.cso
c:\temp\!!!work!!!\software portfolio\x64\debug\shadowpixelshader.cso
c:\temp\!!!work!!!\software portfolio\x64\debug\shadowvertexshader.cso
c:\temp\!!!work!!!\software portfolio\acw\x64\debug\software.78b69d55.tlog\cl.command.1.tlog
c:\temp\!!!work!!!\software portfolio\acw\x64\debug\software.78b69d55.tlog\cl.read.1.tlog
c:\temp\!!!work!!!\software portfolio\acw\x64\debug\software.78b69d55.tlog\cl.write.1.tlog
c:\temp\!!!work!!!\software portfolio\acw\x64\debug\software.78b69d55.tlog\link.command.1.tlog
c:\temp\!!!work!!!\software portfolio\acw\x64\debug\software.78b69d55.tlog\link.read.1.tlog
c:\temp\!!!work!!!\software portfolio\acw\x64\debug\software.78b69d55.tlog\link.write.1.tlog
c:\temp\!!!work!!!\software portfolio\acw\x64\debug\software.78b69d55.tlog\software portfolio.write.1u.tlog
